# JRE version: Java(TM) SE Runtime Environment (8.0_301-b09) (build 1.8.0_301-b09)
# Java VM: Java HotSpot(TM) 64-Bit Server VM (25.301-b09 mixed mode windows-amd64 compressed oops)
Heap:
 PSYoungGen      total 25088K, used 16391K [0x00000000eb400000, 0x00000000ecd00000, 0x0000000100000000)
  eden space 24576K, 66% used [0x00000000eb400000,0x00000000ec3e1c90,0x00000000ecc00000)
  from space 512K, 25% used [0x00000000ecc80000,0x00000000ecca0000,0x00000000ecd00000)
  to   space 512K, 0% used [0x00000000ecc00000,0x00000000ecc00000,0x00000000ecc80000)
 ParOldGen       total 44032K, used 9439K [0x00000000c1c00000, 0x00000000c4700000, 0x00000000eb400000)
  object space 44032K, 21% used [0x00000000c1c00000,0x00000000c2537fa0,0x00000000c4700000)
 Metaspace       used 15009K, capacity 15576K, committed 15744K, reserved 1062912K
  class space    used 1901K, capacity 2075K, committed 2176K, reserved 1048576K
GC Heap History (10 events):
Event: 159.957 GC heap before
{Heap before GC invocations=110 (full 0):
 PSYoungGen      total 16896K, used 16448K [0x00000000eb400000, 0x00000000ec580000, 0x0000000100000000)
  eden space 16384K, 100% used [0x00000000eb400000,0x00000000ec400000,0x00000000ec400000)
  from space 512K, 12% used [0x00000000ec480000,0x00000000ec490000,0x00000000ec500000)
  to   space 512K, 0% used [0x00000000ec500000,0x00000000ec500000,0x00000000ec580000)
 ParOldGen       total 44032K, used 9255K [0x00000000c1c00000, 0x00000000c4700000, 0x00000000eb400000)
  object space 44032K, 21% used [0x00000000c1c00000,0x00000000c2509fa0,0x00000000c4700000)
 Metaspace       used 15009K, capacity 15576K, committed 15744K, reserved 1062912K
  class space    used 1901K, capacity 2075K, committed 2176K, reserved 1048576K
Event: 160.036 GC heap after
Heap after GC invocations=110 (full 0):
 PSYoungGen      total 17408K, used 32K [0x00000000eb400000, 0x00000000ec880000, 0x0000000100000000)
  eden space 16896K, 0% used [0x00000000eb400000,0x00000000eb400000,0x00000000ec480000)
  from space 512K, 6% used [0x00000000ec500000,0x00000000ec508000,0x00000000ec580000)
  to   space 512K, 0% used [0x00000000ec480000,0x00000000ec480000,0x00000000ec500000)
 ParOldGen       total 44032K, used 9295K [0x00000000c1c00000, 0x00000000c4700000, 0x00000000eb400000)
  object space 44032K, 21% used [0x00000000c1c00000,0x00000000c2513fa0,0x00000000c4700000)
 Metaspace       used 15009K, capacity 15576K, committed 15744K, reserved 1062912K
  class space    used 1901K, capacity 2075K, committed 2176K, reserved 1048576K
}
Event: 161.201 GC heap before
{Heap before GC invocations=111 (full 0):
 PSYoungGen      total 17408K, used 16928K [0x00000000eb400000, 0x00000000ec880000, 0x0000000100000000)
  eden space 16896K, 100% used [0x00000000eb400000,0x00000000ec480000,0x00000000ec480000)
  from space 512K, 6% used [0x00000000ec500000,0x00000000ec508000,0x00000000ec580000)
  to   space 512K, 0% used [0x00000000ec480000,0x00000000ec480000,0x00000000ec500000)
 ParOldGen       total 44032K, used 9295K [0x00000000c1c00000, 0x00000000c4700000, 0x00000000eb400000)
  object space 44032K, 21% used [0x00000000c1c00000,0x00000000c2513fa0,0x00000000c4700000)
 Metaspace       used 15009K, capacity 15576K, committed 15744K, reserved 1062912K
  class space    used 1901K, capacity 2075K, committed 2176K, reserved 1048576K
Event: 161.217 GC heap after
Heap after GC invocations=111 (full 0):
 PSYoungGen      total 17408K, used 128K [0x00000000eb400000, 0x00000000ec900000, 0x0000000100000000)
  eden space 16896K, 0% used [0x00000000eb400000,0x00000000eb400000,0x00000000ec480000)
  from space 512K, 25% used [0x00000000ec480000,0x00000000ec4a0000,0x00000000ec500000)
  to   space 512K, 0% used [0x00000000ec880000,0x00000000ec880000,0x00000000ec900000)
 ParOldGen       total 44032K, used 9327K [0x00000000c1c00000, 0x00000000c4700000, 0x00000000eb400000)
  object space 44032K, 21% used [0x00000000c1c00000,0x00000000c251bfa0,0x00000000c4700000)
 Metaspace       used 15009K, capacity 15576K, committed 15744K, reserved 1062912K
  class space    used 1901K, capacity 2075K, committed 2176K, reserved 1048576K
}
Event: 162.238 GC heap before
{Heap before GC invocations=112 (full 0):
 PSYoungGen      total 17408K, used 17024K [0x00000000eb400000, 0x00000000ec900000, 0x0000000100000000)
  eden space 16896K, 100% used [0x00000000eb400000,0x00000000ec480000,0x00000000ec480000)
  from space 512K, 25% used [0x00000000ec480000,0x00000000ec4a0000,0x00000000ec500000)
  to   space 512K, 0% used [0x00000000ec880000,0x00000000ec880000,0x00000000ec900000)
 ParOldGen       total 44032K, used 9327K [0x00000000c1c00000, 0x00000000c4700000, 0x00000000eb400000)
  object space 44032K, 21% used [0x00000000c1c00000,0x00000000c251bfa0,0x00000000c4700000)
 Metaspace       used 15009K, capacity 15576K, committed 15744K, reserved 1062912K
  class space    used 1901K, capacity 2075K, committed 2176K, reserved 1048576K
Event: 162.255 GC heap after
Heap after GC invocations=112 (full 0):
 PSYoungGen      total 20992K, used 64K [0x00000000eb400000, 0x00000000ec900000, 0x0000000100000000)
  eden space 20480K, 0% used [0x00000000eb400000,0x00000000eb400000,0x00000000ec800000)
  from space 512K, 12% used [0x00000000ec880000,0x00000000ec890000,0x00000000ec900000)
  to   space 512K, 0% used [0x00000000ec800000,0x00000000ec800000,0x00000000ec880000)
 ParOldGen       total 44032K, used 9367K [0x00000000c1c00000, 0x00000000c4700000, 0x00000000eb400000)
  object space 44032K, 21% used [0x00000000c1c00000,0x00000000c2525fa0,0x00000000c4700000)
 Metaspace       used 15009K, capacity 15576K, committed 15744K, reserved 1062912K
  class space    used 1901K, capacity 2075K, committed 2176K, reserved 1048576K
}
Event: 163.288 GC heap before
{Heap before GC invocations=113 (full 0):
 PSYoungGen      total 20992K, used 20544K [0x00000000eb400000, 0x00000000ec900000, 0x0000000100000000)
  eden space 20480K, 100% used [0x00000000eb400000,0x00000000ec800000,0x00000000ec800000)
  from space 512K, 12% used [0x00000000ec880000,0x00000000ec890000,0x00000000ec900000)
  to   space 512K, 0% used [0x00000000ec800000,0x00000000ec800000,0x00000000ec880000)
 ParOldGen       total 44032K, used 9367K [0x00000000c1c00000, 0x00000000c4700000, 0x00000000eb400000)
  object space 44032K, 21% used [0x00000000c1c00000,0x00000000c2525fa0,0x00000000c4700000)
 Metaspace       used 15009K, capacity 15576K, committed 15744K, reserved 1062912K
  class space    used 1901K, capacity 2075K, committed 2176K, reserved 1048576K
Event: 163.294 GC heap after
Heap after GC invocations=113 (full 0):
 PSYoungGen      total 20992K, used 64K [0x00000000eb400000, 0x00000000ecd00000, 0x0000000100000000)
  eden space 20480K, 0% used [0x00000000eb400000,0x00000000eb400000,0x00000000ec800000)
  from space 512K, 12% used [0x00000000ec800000,0x00000000ec810000,0x00000000ec880000)
  to   space 512K, 0% used [0x00000000ecc80000,0x00000000ecc80000,0x00000000ecd00000)
 ParOldGen       total 44032K, used 9407K [0x00000000c1c00000, 0x00000000c4700000, 0x00000000eb400000)
  object space 44032K, 21% used [0x00000000c1c00000,0x00000000c252ffa0,0x00000000c4700000)
 Metaspace       used 15009K, capacity 15576K, committed 15744K, reserved 1062912K
  class space    used 1901K, capacity 2075K, committed 2176K, reserved 1048576K
}
Event: 164.280 GC heap before
{Heap before GC invocations=114 (full 0):
 PSYoungGen      total 20992K, used 20544K [0x00000000eb400000, 0x00000000ecd00000, 0x0000000100000000)
  eden space 20480K, 100% used [0x00000000eb400000,0x00000000ec800000,0x00000000ec800000)
  from space 512K, 12% used [0x00000000ec800000,0x00000000ec810000,0x00000000ec880000)
  to   space 512K, 0% used [0x00000000ecc80000,0x00000000ecc80000,0x00000000ecd00000)
 ParOldGen       total 44032K, used 9407K [0x00000000c1c00000, 0x00000000c4700000, 0x00000000eb400000)
  object space 44032K, 21% used [0x00000000c1c00000,0x00000000c252ffa0,0x00000000c4700000)
 Metaspace       used 15009K, capacity 15576K, committed 15744K, reserved 1062912K
  class space    used 1901K, capacity 2075K, committed 2176K, reserved 1048576K
Event: 164.281 GC heap after
Heap after GC invocations=114 (full 0):
 PSYoungGen      total 25088K, used 128K [0x00000000eb400000, 0x00000000ecd00000, 0x0000000100000000)
  eden space 24576K, 0% used [0x00000000eb400000,0x00000000eb400000,0x00000000ecc00000)
  from space 512K, 25% used [0x00000000ecc80000,0x00000000ecca0000,0x00000000ecd00000)
  to   space 512K, 0% used [0x00000000ecc00000,0x00000000ecc00000,0x00000000ecc80000)
 ParOldGen       total 44032K, used 9439K [0x00000000c1c00000, 0x00000000c4700000, 0x00000000eb400000)
  object space 44032K, 21% used [0x00000000c1c00000,0x00000000c2537fa0,0x00000000c4700000)
 Metaspace       used 15009K, capacity 15576K, committed 15744K, reserved 1062912K
  class space    used 1901K, capacity 2075K, committed 2176K, reserved 1048576K
}

