# JRE version: Java(TM) SE Runtime Environment (8.0_301-b09) (build 1.8.0_301-b09)
# Java VM: Java HotSpot(TM) 64-Bit Server VM (25.301-b09 mixed mode windows-amd64 compressed oops)
Heap:
 PSYoungGen      total 235520K, used 14243K [0x00000000eb400000, 0x00000000fb100000, 0x0000000100000000)
  eden space 235008K, 6% used [0x00000000eb400000,0x00000000ec1c8ef8,0x00000000f9980000)
  from space 512K, 25% used [0x00000000fb000000,0x00000000fb020000,0x00000000fb080000)
  to   space 512K, 0% used [0x00000000fb080000,0x00000000fb080000,0x00000000fb100000)
 ParOldGen       total 44032K, used 16815K [0x00000000c1c00000, 0x00000000c4700000, 0x00000000eb400000)
  object space 44032K, 38% used [0x00000000c1c00000,0x00000000c2c6be28,0x00000000c4700000)
 Metaspace       used 14184K, capacity 14780K, committed 14976K, reserved 1062912K
  class space    used 1895K, capacity 2071K, committed 2176K, reserved 1048576K
GC Heap History (10 events):
Event: 325.074 GC heap before
{Heap before GC invocations=293 (full 0):
 PSYoungGen      total 215552K, used 215136K [0x00000000eb400000, 0x00000000f9e00000, 0x0000000100000000)
  eden space 215040K, 100% used [0x00000000eb400000,0x00000000f8600000,0x00000000f8600000)
  from space 512K, 18% used [0x00000000f8680000,0x00000000f8698000,0x00000000f8700000)
  to   space 512K, 0% used [0x00000000f8600000,0x00000000f8600000,0x00000000f8680000)
 ParOldGen       total 44032K, used 16631K [0x00000000c1c00000, 0x00000000c4700000, 0x00000000eb400000)
  object space 44032K, 37% used [0x00000000c1c00000,0x00000000c2c3de28,0x00000000c4700000)
 Metaspace       used 14173K, capacity 14780K, committed 14976K, reserved 1062912K
  class space    used 1893K, capacity 2071K, committed 2176K, reserved 1048576K
Event: 325.082 GC heap after
Heap after GC invocations=293 (full 0):
 PSYoungGen      total 215552K, used 128K [0x00000000eb400000, 0x00000000fb100000, 0x0000000100000000)
  eden space 215040K, 0% used [0x00000000eb400000,0x00000000eb400000,0x00000000f8600000)
  from space 512K, 25% used [0x00000000f8600000,0x00000000f8620000,0x00000000f8680000)
  to   space 512K, 0% used [0x00000000fb080000,0x00000000fb080000,0x00000000fb100000)
 ParOldGen       total 44032K, used 16663K [0x00000000c1c00000, 0x00000000c4700000, 0x00000000eb400000)
  object space 44032K, 37% used [0x00000000c1c00000,0x00000000c2c45e28,0x00000000c4700000)
 Metaspace       used 14173K, capacity 14780K, committed 14976K, reserved 1062912K
  class space    used 1893K, capacity 2071K, committed 2176K, reserved 1048576K
}
Event: 325.986 GC heap before
{Heap before GC invocations=294 (full 0):
 PSYoungGen      total 215552K, used 215168K [0x00000000eb400000, 0x00000000fb100000, 0x0000000100000000)
  eden space 215040K, 100% used [0x00000000eb400000,0x00000000f8600000,0x00000000f8600000)
  from space 512K, 25% used [0x00000000f8600000,0x00000000f8620000,0x00000000f8680000)
  to   space 512K, 0% used [0x00000000fb080000,0x00000000fb080000,0x00000000fb100000)
 ParOldGen       total 44032K, used 16663K [0x00000000c1c00000, 0x00000000c4700000, 0x00000000eb400000)
  object space 44032K, 37% used [0x00000000c1c00000,0x00000000c2c45e28,0x00000000c4700000)
 Metaspace       used 14173K, capacity 14780K, committed 14976K, reserved 1062912K
  class space    used 1893K, capacity 2071K, committed 2176K, reserved 1048576K
Event: 326.004 GC heap after
Heap after GC invocations=294 (full 0):
 PSYoungGen      total 258560K, used 96K [0x00000000eb400000, 0x00000000fb100000, 0x0000000100000000)
  eden space 258048K, 0% used [0x00000000eb400000,0x00000000eb400000,0x00000000fb000000)
  from space 512K, 18% used [0x00000000fb080000,0x00000000fb098000,0x00000000fb100000)
  to   space 512K, 0% used [0x00000000fb000000,0x00000000fb000000,0x00000000fb080000)
 ParOldGen       total 44032K, used 16695K [0x00000000c1c00000, 0x00000000c4700000, 0x00000000eb400000)
  object space 44032K, 37% used [0x00000000c1c00000,0x00000000c2c4de28,0x00000000c4700000)
 Metaspace       used 14173K, capacity 14780K, committed 14976K, reserved 1062912K
  class space    used 1893K, capacity 2071K, committed 2176K, reserved 1048576K
}
Event: 326.920 GC heap before
{Heap before GC invocations=295 (full 0):
 PSYoungGen      total 258560K, used 258144K [0x00000000eb400000, 0x00000000fb100000, 0x0000000100000000)
  eden space 258048K, 100% used [0x00000000eb400000,0x00000000fb000000,0x00000000fb000000)
  from space 512K, 18% used [0x00000000fb080000,0x00000000fb098000,0x00000000fb100000)
  to   space 512K, 0% used [0x00000000fb000000,0x00000000fb000000,0x00000000fb080000)
 ParOldGen       total 44032K, used 16695K [0x00000000c1c00000, 0x00000000c4700000, 0x00000000eb400000)
  object space 44032K, 37% used [0x00000000c1c00000,0x00000000c2c4de28,0x00000000c4700000)
 Metaspace       used 14173K, capacity 14780K, committed 14976K, reserved 1062912K
  class space    used 1893K, capacity 2071K, committed 2176K, reserved 1048576K
Event: 326.922 GC heap after
Heap after GC invocations=295 (full 0):
 PSYoungGen      total 258560K, used 128K [0x00000000eb400000, 0x00000000fb100000, 0x0000000100000000)
  eden space 258048K, 0% used [0x00000000eb400000,0x00000000eb400000,0x00000000fb000000)
  from space 512K, 25% used [0x00000000fb000000,0x00000000fb020000,0x00000000fb080000)
  to   space 512K, 0% used [0x00000000fb080000,0x00000000fb080000,0x00000000fb100000)
 ParOldGen       total 44032K, used 16727K [0x00000000c1c00000, 0x00000000c4700000, 0x00000000eb400000)
  object space 44032K, 37% used [0x00000000c1c00000,0x00000000c2c55e28,0x00000000c4700000)
 Metaspace       used 14173K, capacity 14780K, committed 14976K, reserved 1062912K
  class space    used 1893K, capacity 2071K, committed 2176K, reserved 1048576K
}
Event: 327.757 GC heap before
{Heap before GC invocations=296 (full 0):
 PSYoungGen      total 258560K, used 258176K [0x00000000eb400000, 0x00000000fb100000, 0x0000000100000000)
  eden space 258048K, 100% used [0x00000000eb400000,0x00000000fb000000,0x00000000fb000000)
  from space 512K, 25% used [0x00000000fb000000,0x00000000fb020000,0x00000000fb080000)
  to   space 512K, 0% used [0x00000000fb080000,0x00000000fb080000,0x00000000fb100000)
 ParOldGen       total 44032K, used 16727K [0x00000000c1c00000, 0x00000000c4700000, 0x00000000eb400000)
  object space 44032K, 37% used [0x00000000c1c00000,0x00000000c2c55e28,0x00000000c4700000)
 Metaspace       used 14173K, capacity 14780K, committed 14976K, reserved 1062912K
  class space    used 1893K, capacity 2071K, committed 2176K, reserved 1048576K
Event: 327.760 GC heap after
Heap after GC invocations=296 (full 0):
 PSYoungGen      total 246784K, used 96K [0x00000000eb400000, 0x00000000fb100000, 0x0000000100000000)
  eden space 246272K, 0% used [0x00000000eb400000,0x00000000eb400000,0x00000000fa480000)
  from space 512K, 18% used [0x00000000fb080000,0x00000000fb098000,0x00000000fb100000)
  to   space 512K, 0% used [0x00000000fb000000,0x00000000fb000000,0x00000000fb080000)
 ParOldGen       total 44032K, used 16767K [0x00000000c1c00000, 0x00000000c4700000, 0x00000000eb400000)
  object space 44032K, 38% used [0x00000000c1c00000,0x00000000c2c5fe28,0x00000000c4700000)
 Metaspace       used 14173K, capacity 14780K, committed 14976K, reserved 1062912K
  class space    used 1893K, capacity 2071K, committed 2176K, reserved 1048576K
}
Event: 328.596 GC heap before
{Heap before GC invocations=297 (full 0):
 PSYoungGen      total 246784K, used 246368K [0x00000000eb400000, 0x00000000fb100000, 0x0000000100000000)
  eden space 246272K, 100% used [0x00000000eb400000,0x00000000fa480000,0x00000000fa480000)
  from space 512K, 18% used [0x00000000fb080000,0x00000000fb098000,0x00000000fb100000)
  to   space 512K, 0% used [0x00000000fb000000,0x00000000fb000000,0x00000000fb080000)
 ParOldGen       total 44032K, used 16767K [0x00000000c1c00000, 0x00000000c4700000, 0x00000000eb400000)
  object space 44032K, 38% used [0x00000000c1c00000,0x00000000c2c5fe28,0x00000000c4700000)
 Metaspace       used 14173K, capacity 14780K, committed 14976K, reserved 1062912K
  class space    used 1893K, capacity 2071K, committed 2176K, reserved 1048576K
Event: 328.598 GC heap after
Heap after GC invocations=297 (full 0):
 PSYoungGen      total 235520K, used 128K [0x00000000eb400000, 0x00000000fb100000, 0x0000000100000000)
  eden space 235008K, 0% used [0x00000000eb400000,0x00000000eb400000,0x00000000f9980000)
  from space 512K, 25% used [0x00000000fb000000,0x00000000fb020000,0x00000000fb080000)
  to   space 512K, 0% used [0x00000000fb080000,0x00000000fb080000,0x00000000fb100000)
 ParOldGen       total 44032K, used 16815K [0x00000000c1c00000, 0x00000000c4700000, 0x00000000eb400000)
  object space 44032K, 38% used [0x00000000c1c00000,0x00000000c2c6be28,0x00000000c4700000)
 Metaspace       used 14173K, capacity 14780K, committed 14976K, reserved 1062912K
  class space    used 1893K, capacity 2071K, committed 2176K, reserved 1048576K
}

